<?xml version="1.0" encoding="UTF-8"?>
<!-- Generated by org.testng.reporters.JUnitReportReporter -->
<testsuite hostname="DESKTOP-L14V3JI" failures="0" tests="1" name="ResponsiveEDUserManagementTestScript.viewParticularUserDetails" time="46.783" errors="0" timestamp="2024-01-23T21:57:47 IST" skipped="0">
  <testcase classname="ResponsiveEDUserManagementTestScript.viewParticularUserDetails" name="viewUserDetails" time="46.783"/>
  <system-out/>
</testsuite> <!-- ResponsiveEDUserManagementTestScript.viewParticularUserDetails -->
