<?xml version="1.0" encoding="UTF-8"?>
<!-- Generated by org.testng.reporters.JUnitReportReporter -->
<testsuite hostname="DESKTOP-L14V3JI" failures="0" tests="1" name="ResponsiveEDUserManagementTestScript.CreateUser" time="54.287" errors="0" timestamp="2024-01-23T21:57:47 IST" skipped="0">
  <testcase classname="ResponsiveEDUserManagementTestScript.CreateUser" name="CreateNewUSer" time="54.287"/>
  <system-out/>
</testsuite> <!-- ResponsiveEDUserManagementTestScript.CreateUser -->
