<?xml version="1.0" encoding="UTF-8"?>
<!-- Generated by org.testng.reporters.JUnitReportReporter -->
<testsuite hostname="DESKTOP-L14V3JI" failures="0" tests="1" name="ResponsiveEDUserManagementTestScript.SearchForAParticularUser" time="41.906" errors="0" timestamp="2024-01-24T10:32:15 IST" skipped="0">
  <testcase classname="ResponsiveEDUserManagementTestScript.SearchForAParticularUser" name="SearchForParticularUser" time="41.906"/>
  <system-out/>
</testsuite> <!-- ResponsiveEDUserManagementTestScript.SearchForAParticularUser -->
