<?xml version="1.0" encoding="UTF-8"?>
<!-- Generated by org.testng.reporters.JUnitReportReporter -->
<testsuite hostname="DESKTOP-L14V3JI" failures="0" tests="1" name="ResponsiveEDUserManagementTestScript.EditParticularUserDetails" time="51.105" errors="0" timestamp="2024-01-23T21:57:47 IST" skipped="0">
  <testcase classname="ResponsiveEDUserManagementTestScript.EditParticularUserDetails" name="EditParticularUser" time="51.105"/>
  <system-out/>
</testsuite> <!-- ResponsiveEDUserManagementTestScript.EditParticularUserDetails -->
